# JRE version: OpenJDK Runtime Environment Temurin-17.0.7+7 (17.0.7+7) (build 17.0.7+7)
# Java VM: OpenJDK 64-Bit Server VM Temurin-17.0.7+7 (17.0.7+7, mixed mode, tiered, compressed oops, compressed class ptrs, parallel gc, windows-amd64)
GC Precious Log:
 CPUs: 4 total, 4 available
 Memory: 8052M
 Large Page Support: Disabled
 NUMA Support: Disabled
 Compressed Oops: Enabled (32-bit)
 Alignments: Space 512K, Generation 512K, Heap 2M
 Heap Min Capacity: 100M
 Heap Initial Capacity: 100M
 Heap Max Capacity: 1G
 Pre-touch: Disabled
 Parallel Workers: 4
Heap:
 PSYoungGen      total 14848K, used 9218K [0x00000000eab00000, 0x00000000ebc00000, 0x0000000100000000)
  eden space 12288K, 54% used [0x00000000eab00000,0x00000000eb1863a0,0x00000000eb700000)
  from space 2560K, 99% used [0x00000000eb980000,0x00000000ebbfa4a0,0x00000000ebc00000)
  to   space 2048K, 0% used [0x00000000eb700000,0x00000000eb700000,0x00000000eb900000)
 ParOldGen       total 497152K, used 406590K [0x00000000c0000000, 0x00000000de580000, 0x00000000eab00000)
  object space 497152K, 81% used [0x00000000c0000000,0x00000000d8d0f8c0,0x00000000de580000)
 Metaspace       used 94628K, committed 95872K, reserved 1179648K
  class space    used 9086K, committed 9600K, reserved 1048576K
GC Heap History (20 events):
Event: 271969.845 GC heap before
{Heap before GC invocations=13299 (full 226):
 PSYoungGen      total 13312K, used 12436K [0x00000000eab00000, 0x00000000ebb80000, 0x0000000100000000)
  eden space 12288K, 100% used [0x00000000eab00000,0x00000000eb700000,0x00000000eb700000)
  from space 1024K, 14% used [0x00000000eb980000,0x00000000eb9a5200,0x00000000eba80000)
  to   space 512K, 0% used [0x00000000ebb00000,0x00000000ebb00000,0x00000000ebb80000)
 ParOldGen       total 497152K, used 360980K [0x00000000c0000000, 0x00000000de580000, 0x00000000eab00000)
  object space 497152K, 72% used [0x00000000c0000000,0x00000000d60851a8,0x00000000de580000)
 Metaspace       used 94628K, committed 95872K, reserved 1179648K
  class space    used 9086K, committed 9600K, reserved 1048576K
}
Event: 271969.853 GC heap after
{Heap after GC invocations=13299 (full 226):
 PSYoungGen      total 12800K, used 512K [0x00000000eab00000, 0x00000000ebd00000, 0x0000000100000000)
  eden space 12288K, 0% used [0x00000000eab00000,0x00000000eab00000,0x00000000eb700000)
  from space 512K, 100% used [0x00000000ebb00000,0x00000000ebb80000,0x00000000ebb80000)
  to   space 3072K, 0% used [0x00000000eb700000,0x00000000eb700000,0x00000000eba00000)
 ParOldGen       total 497152K, used 362861K [0x00000000c0000000, 0x00000000de580000, 0x00000000eab00000)
  object space 497152K, 72% used [0x00000000c0000000,0x00000000d625b548,0x00000000de580000)
 Metaspace       used 94628K, committed 95872K, reserved 1179648K
  class space    used 9086K, committed 9600K, reserved 1048576K
}
Event: 271970.053 GC heap before
{Heap before GC invocations=13300 (full 226):
 PSYoungGen      total 12800K, used 12800K [0x00000000eab00000, 0x00000000ebd00000, 0x0000000100000000)
  eden space 12288K, 100% used [0x00000000eab00000,0x00000000eb700000,0x00000000eb700000)
  from space 512K, 100% used [0x00000000ebb00000,0x00000000ebb80000,0x00000000ebb80000)
  to   space 3072K, 0% used [0x00000000eb700000,0x00000000eb700000,0x00000000eba00000)
 ParOldGen       total 497152K, used 362861K [0x00000000c0000000, 0x00000000de580000, 0x00000000eab00000)
  object space 497152K, 72% used [0x00000000c0000000,0x00000000d625b548,0x00000000de580000)
 Metaspace       used 94628K, committed 95872K, reserved 1179648K
  class space    used 9086K, committed 9600K, reserved 1048576K
}
Event: 271970.060 GC heap after
{Heap after GC invocations=13300 (full 226):
 PSYoungGen      total 14336K, used 1911K [0x00000000eab00000, 0x00000000ebc00000, 0x0000000100000000)
  eden space 12288K, 0% used [0x00000000eab00000,0x00000000eab00000,0x00000000eb700000)
  from space 2048K, 93% used [0x00000000eb700000,0x00000000eb8dde60,0x00000000eb900000)
  to   space 2560K, 0% used [0x00000000eb980000,0x00000000eb980000,0x00000000ebc00000)
 ParOldGen       total 497152K, used 363381K [0x00000000c0000000, 0x00000000de580000, 0x00000000eab00000)
  object space 497152K, 73% used [0x00000000c0000000,0x00000000d62dd548,0x00000000de580000)
 Metaspace       used 94628K, committed 95872K, reserved 1179648K
  class space    used 9086K, committed 9600K, reserved 1048576K
}
Event: 271970.273 GC heap before
{Heap before GC invocations=13301 (full 226):
 PSYoungGen      total 14336K, used 14199K [0x00000000eab00000, 0x00000000ebc00000, 0x0000000100000000)
  eden space 12288K, 100% used [0x00000000eab00000,0x00000000eb700000,0x00000000eb700000)
  from space 2048K, 93% used [0x00000000eb700000,0x00000000eb8dde60,0x00000000eb900000)
  to   space 2560K, 0% used [0x00000000eb980000,0x00000000eb980000,0x00000000ebc00000)
 ParOldGen       total 497152K, used 363381K [0x00000000c0000000, 0x00000000de580000, 0x00000000eab00000)
  object space 497152K, 73% used [0x00000000c0000000,0x00000000d62dd548,0x00000000de580000)
 Metaspace       used 94628K, committed 95872K, reserved 1179648K
  class space    used 9086K, committed 9600K, reserved 1048576K
}
Event: 271970.288 GC heap after
{Heap after GC invocations=13301 (full 226):
 PSYoungGen      total 14848K, used 2536K [0x00000000eab00000, 0x00000000ebc00000, 0x0000000100000000)
  eden space 12288K, 0% used [0x00000000eab00000,0x00000000eab00000,0x00000000eb700000)
  from space 2560K, 99% used [0x00000000eb980000,0x00000000ebbfa088,0x00000000ebc00000)
  to   space 2048K, 0% used [0x00000000eb700000,0x00000000eb700000,0x00000000eb900000)
 ParOldGen       total 497152K, used 370577K [0x00000000c0000000, 0x00000000de580000, 0x00000000eab00000)
  object space 497152K, 74% used [0x00000000c0000000,0x00000000d69e4400,0x00000000de580000)
 Metaspace       used 94628K, committed 95872K, reserved 1179648K
  class space    used 9086K, committed 9600K, reserved 1048576K
}
Event: 271970.499 GC heap before
{Heap before GC invocations=13302 (full 226):
 PSYoungGen      total 14848K, used 14824K [0x00000000eab00000, 0x00000000ebc00000, 0x0000000100000000)
  eden space 12288K, 100% used [0x00000000eab00000,0x00000000eb700000,0x00000000eb700000)
  from space 2560K, 99% used [0x00000000eb980000,0x00000000ebbfa088,0x00000000ebc00000)
  to   space 2048K, 0% used [0x00000000eb700000,0x00000000eb700000,0x00000000eb900000)
 ParOldGen       total 497152K, used 370577K [0x00000000c0000000, 0x00000000de580000, 0x00000000eab00000)
  object space 497152K, 74% used [0x00000000c0000000,0x00000000d69e4400,0x00000000de580000)
 Metaspace       used 94628K, committed 95872K, reserved 1179648K
  class space    used 9086K, committed 9600K, reserved 1048576K
}
Event: 271970.511 GC heap after
{Heap after GC invocations=13302 (full 226):
 PSYoungGen      total 14336K, used 2048K [0x00000000eab00000, 0x00000000ebc00000, 0x0000000100000000)
  eden space 12288K, 0% used [0x00000000eab00000,0x00000000eab00000,0x00000000eb700000)
  from space 2048K, 100% used [0x00000000eb700000,0x00000000eb900000,0x00000000eb900000)
  to   space 2560K, 0% used [0x00000000eb980000,0x00000000eb980000,0x00000000ebc00000)
 ParOldGen       total 497152K, used 375146K [0x00000000c0000000, 0x00000000de580000, 0x00000000eab00000)
  object space 497152K, 75% used [0x00000000c0000000,0x00000000d6e5a950,0x00000000de580000)
 Metaspace       used 94628K, committed 95872K, reserved 1179648K
  class space    used 9086K, committed 9600K, reserved 1048576K
}
Event: 271971.004 GC heap before
{Heap before GC invocations=13303 (full 226):
 PSYoungGen      total 14336K, used 14336K [0x00000000eab00000, 0x00000000ebc00000, 0x0000000100000000)
  eden space 12288K, 100% used [0x00000000eab00000,0x00000000eb700000,0x00000000eb700000)
  from space 2048K, 100% used [0x00000000eb700000,0x00000000eb900000,0x00000000eb900000)
  to   space 2560K, 0% used [0x00000000eb980000,0x00000000eb980000,0x00000000ebc00000)
 ParOldGen       total 497152K, used 375146K [0x00000000c0000000, 0x00000000de580000, 0x00000000eab00000)
  object space 497152K, 75% used [0x00000000c0000000,0x00000000d6e5a950,0x00000000de580000)
 Metaspace       used 94628K, committed 95872K, reserved 1179648K
  class space    used 9086K, committed 9600K, reserved 1048576K
}
Event: 271971.018 GC heap after
{Heap after GC invocations=13303 (full 226):
 PSYoungGen      total 14848K, used 2555K [0x00000000eab00000, 0x00000000ebc00000, 0x0000000100000000)
  eden space 12288K, 0% used [0x00000000eab00000,0x00000000eab00000,0x00000000eb700000)
  from space 2560K, 99% used [0x00000000eb980000,0x00000000ebbfedc0,0x00000000ebc00000)
  to   space 2048K, 0% used [0x00000000eb700000,0x00000000eb700000,0x00000000eb900000)
 ParOldGen       total 497152K, used 381318K [0x00000000c0000000, 0x00000000de580000, 0x00000000eab00000)
  object space 497152K, 76% used [0x00000000c0000000,0x00000000d7461978,0x00000000de580000)
 Metaspace       used 94628K, committed 95872K, reserved 1179648K
  class space    used 9086K, committed 9600K, reserved 1048576K
}
Event: 271971.495 GC heap before
{Heap before GC invocations=13304 (full 226):
 PSYoungGen      total 14848K, used 14843K [0x00000000eab00000, 0x00000000ebc00000, 0x0000000100000000)
  eden space 12288K, 100% used [0x00000000eab00000,0x00000000eb700000,0x00000000eb700000)
  from space 2560K, 99% used [0x00000000eb980000,0x00000000ebbfedc0,0x00000000ebc00000)
  to   space 2048K, 0% used [0x00000000eb700000,0x00000000eb700000,0x00000000eb900000)
 ParOldGen       total 497152K, used 381318K [0x00000000c0000000, 0x00000000de580000, 0x00000000eab00000)
  object space 497152K, 76% used [0x00000000c0000000,0x00000000d7461978,0x00000000de580000)
 Metaspace       used 94628K, committed 95872K, reserved 1179648K
  class space    used 9086K, committed 9600K, reserved 1048576K
}
Event: 271971.505 GC heap after
{Heap after GC invocations=13304 (full 226):
 PSYoungGen      total 14336K, used 2047K [0x00000000eab00000, 0x00000000ebc00000, 0x0000000100000000)
  eden space 12288K, 0% used [0x00000000eab00000,0x00000000eab00000,0x00000000eb700000)
  from space 2048K, 99% used [0x00000000eb700000,0x00000000eb8ffef0,0x00000000eb900000)
  to   space 2560K, 0% used [0x00000000eb980000,0x00000000eb980000,0x00000000ebc00000)
 ParOldGen       total 497152K, used 383229K [0x00000000c0000000, 0x00000000de580000, 0x00000000eab00000)
  object space 497152K, 77% used [0x00000000c0000000,0x00000000d763f650,0x00000000de580000)
 Metaspace       used 94628K, committed 95872K, reserved 1179648K
  class space    used 9086K, committed 9600K, reserved 1048576K
}
Event: 271971.665 GC heap before
{Heap before GC invocations=13305 (full 226):
 PSYoungGen      total 14336K, used 14335K [0x00000000eab00000, 0x00000000ebc00000, 0x0000000100000000)
  eden space 12288K, 100% used [0x00000000eab00000,0x00000000eb700000,0x00000000eb700000)
  from space 2048K, 99% used [0x00000000eb700000,0x00000000eb8ffef0,0x00000000eb900000)
  to   space 2560K, 0% used [0x00000000eb980000,0x00000000eb980000,0x00000000ebc00000)
 ParOldGen       total 497152K, used 383229K [0x00000000c0000000, 0x00000000de580000, 0x00000000eab00000)
  object space 497152K, 77% used [0x00000000c0000000,0x00000000d763f650,0x00000000de580000)
 Metaspace       used 94628K, committed 95872K, reserved 1179648K
  class space    used 9086K, committed 9600K, reserved 1048576K
}
Event: 271971.675 GC heap after
{Heap after GC invocations=13305 (full 226):
 PSYoungGen      total 14848K, used 2540K [0x00000000eab00000, 0x00000000ebc00000, 0x0000000100000000)
  eden space 12288K, 0% used [0x00000000eab00000,0x00000000eab00000,0x00000000eb700000)
  from space 2560K, 99% used [0x00000000eb980000,0x00000000ebbfb048,0x00000000ebc00000)
  to   space 2048K, 0% used [0x00000000eb700000,0x00000000eb700000,0x00000000eb900000)
 ParOldGen       total 497152K, used 387576K [0x00000000c0000000, 0x00000000de580000, 0x00000000eab00000)
  object space 497152K, 77% used [0x00000000c0000000,0x00000000d7a7e158,0x00000000de580000)
 Metaspace       used 94628K, committed 95872K, reserved 1179648K
  class space    used 9086K, committed 9600K, reserved 1048576K
}
Event: 271971.771 GC heap before
{Heap before GC invocations=13306 (full 226):
 PSYoungGen      total 14848K, used 14828K [0x00000000eab00000, 0x00000000ebc00000, 0x0000000100000000)
  eden space 12288K, 100% used [0x00000000eab00000,0x00000000eb700000,0x00000000eb700000)
  from space 2560K, 99% used [0x00000000eb980000,0x00000000ebbfb048,0x00000000ebc00000)
  to   space 2048K, 0% used [0x00000000eb700000,0x00000000eb700000,0x00000000eb900000)
 ParOldGen       total 497152K, used 387576K [0x00000000c0000000, 0x00000000de580000, 0x00000000eab00000)
  object space 497152K, 77% used [0x00000000c0000000,0x00000000d7a7e158,0x00000000de580000)
 Metaspace       used 94628K, committed 95872K, reserved 1179648K
  class space    used 9086K, committed 9600K, reserved 1048576K
}
Event: 271971.782 GC heap after
{Heap after GC invocations=13306 (full 226):
 PSYoungGen      total 14336K, used 2045K [0x00000000eab00000, 0x00000000ebc00000, 0x0000000100000000)
  eden space 12288K, 0% used [0x00000000eab00000,0x00000000eab00000,0x00000000eb700000)
  from space 2048K, 99% used [0x00000000eb700000,0x00000000eb8ff710,0x00000000eb900000)
  to   space 2560K, 0% used [0x00000000eb980000,0x00000000eb980000,0x00000000ebc00000)
 ParOldGen       total 497152K, used 393876K [0x00000000c0000000, 0x00000000de580000, 0x00000000eab00000)
  object space 497152K, 79% used [0x00000000c0000000,0x00000000d80a51c0,0x00000000de580000)
 Metaspace       used 94628K, committed 95872K, reserved 1179648K
  class space    used 9086K, committed 9600K, reserved 1048576K
}
Event: 271971.888 GC heap before
{Heap before GC invocations=13307 (full 226):
 PSYoungGen      total 14336K, used 14333K [0x00000000eab00000, 0x00000000ebc00000, 0x0000000100000000)
  eden space 12288K, 100% used [0x00000000eab00000,0x00000000eb700000,0x00000000eb700000)
  from space 2048K, 99% used [0x00000000eb700000,0x00000000eb8ff710,0x00000000eb900000)
  to   space 2560K, 0% used [0x00000000eb980000,0x00000000eb980000,0x00000000ebc00000)
 ParOldGen       total 497152K, used 393876K [0x00000000c0000000, 0x00000000de580000, 0x00000000eab00000)
  object space 497152K, 79% used [0x00000000c0000000,0x00000000d80a51c0,0x00000000de580000)
 Metaspace       used 94628K, committed 95872K, reserved 1179648K
  class space    used 9086K, committed 9600K, reserved 1048576K
}
Event: 271971.897 GC heap after
{Heap after GC invocations=13307 (full 226):
 PSYoungGen      total 14848K, used 2552K [0x00000000eab00000, 0x00000000ebc00000, 0x0000000100000000)
  eden space 12288K, 0% used [0x00000000eab00000,0x00000000eab00000,0x00000000eb700000)
  from space 2560K, 99% used [0x00000000eb980000,0x00000000ebbfe060,0x00000000ebc00000)
  to   space 2048K, 0% used [0x00000000eb700000,0x00000000eb700000,0x00000000eb900000)
 ParOldGen       total 497152K, used 397402K [0x00000000c0000000, 0x00000000de580000, 0x00000000eab00000)
  object space 497152K, 79% used [0x00000000c0000000,0x00000000d8416a88,0x00000000de580000)
 Metaspace       used 94628K, committed 95872K, reserved 1179648K
  class space    used 9086K, committed 9600K, reserved 1048576K
}
Event: 271971.919 GC heap before
{Heap before GC invocations=13308 (full 226):
 PSYoungGen      total 14848K, used 14840K [0x00000000eab00000, 0x00000000ebc00000, 0x0000000100000000)
  eden space 12288K, 100% used [0x00000000eab00000,0x00000000eb700000,0x00000000eb700000)
  from space 2560K, 99% used [0x00000000eb980000,0x00000000ebbfe060,0x00000000ebc00000)
  to   space 2048K, 0% used [0x00000000eb700000,0x00000000eb700000,0x00000000eb900000)
 ParOldGen       total 497152K, used 397402K [0x00000000c0000000, 0x00000000de580000, 0x00000000eab00000)
  object space 497152K, 79% used [0x00000000c0000000,0x00000000d8416a88,0x00000000de580000)
 Metaspace       used 94628K, committed 95872K, reserved 1179648K
  class space    used 9086K, committed 9600K, reserved 1048576K
}
Event: 271971.929 GC heap after
{Heap after GC invocations=13308 (full 226):
 PSYoungGen      total 14336K, used 2048K [0x00000000eab00000, 0x00000000ebc00000, 0x0000000100000000)
  eden space 12288K, 0% used [0x00000000eab00000,0x00000000eab00000,0x00000000eb700000)
  from space 2048K, 100% used [0x00000000eb700000,0x00000000eb900000,0x00000000eb900000)
  to   space 2560K, 0% used [0x00000000eb980000,0x00000000eb980000,0x00000000ebc00000)
 ParOldGen       total 497152K, used 401998K [0x00000000c0000000, 0x00000000de580000, 0x00000000eab00000)
  object space 497152K, 80% used [0x00000000c0000000,0x00000000d88938c0,0x00000000de580000)
 Metaspace       used 94628K, committed 95872K, reserved 1179648K
  class space    used 9086K, committed 9600K, reserved 1048576K
}

